2024-01-15 08:30:15 INFO Application started successfully
2024-01-15 08:30:16 INFO Database connection established
2024-01-15 08:30:17 INFO User authentication service initialized
2024-01-15 08:30:18 INFO Cache system loaded
2024-01-15 08:30:19 INFO Web server listening on port 8080
2024-01-15 08:31:22 INFO User login attempt: user@example.com
2024-01-15 08:31:23 INFO User authentication successful: user@example.com
2024-01-15 08:31:24 INFO Session created for user: user@example.com
2024-01-15 08:32:15 WARNING High memory usage detected: 85%
2024-01-15 08:32:16 INFO Memory optimization process started
2024-01-15 08:32:45 INFO Memory usage reduced to 72%
2024-01-15 08:33:12 ERROR Database connection timeout
2024-01-15 08:33:13 ERROR Failed to execute query: SELECT * FROM users
2024-01-15 08:33:14 WARNING Retrying database connection...
2024-01-15 08:33:15 INFO Database connection restored
2024-01-15 08:33:16 INFO Query executed successfully
2024-01-15 08:33:17 ERROR Out of memory: Java heap space exceeded
2024-01-15 08:33:18 WARNING High memory usage detected: 95%
2024-01-15 08:33:19 ERROR Memory leak detected in cache system
2024-01-15 08:34:22 INFO User logout: user@example.com
2024-01-15 08:34:23 INFO Session destroyed for user: user@example.com
2024-01-15 08:35:10 INFO New user registration: newuser@example.com
2024-01-15 08:35:11 INFO Email verification sent to: newuser@example.com
2024-01-15 08:36:05 WARNING Slow query detected: 2.5s execution time
2024-01-15 08:36:06 INFO Query optimization recommended
2024-01-15 08:37:18 ERROR File upload failed: Invalid file format
2024-01-15 08:37:19 WARNING User attempted to upload unsupported file type
2024-01-15 08:37:20 INFO Security alert: Suspicious upload attempt
2024-01-15 08:38:33 INFO Backup process started
2024-01-15 08:38:34 INFO Database backup in progress...
2024-01-15 08:39:45 INFO Backup completed successfully
2024-01-15 08:40:12 INFO Scheduled maintenance task executed
2024-01-15 08:40:13 INFO System health check passed
2024-01-15 08:41:22 WARNING Disk space usage: 78%
2024-01-15 08:41:23 INFO Cleanup process initiated
2024-01-15 08:42:15 INFO Temporary files cleaned up
2024-01-15 08:42:16 INFO Disk space usage reduced to 65%
2024-01-15 08:43:28 ERROR External API call failed: timeout
2024-01-15 08:43:29 WARNING Retrying API call...
2024-01-15 08:43:30 ERROR API service unavailable
2024-01-15 08:43:31 INFO Fallback service activated
2024-01-15 08:44:12 INFO User profile updated: user@example.com
2024-01-15 08:44:13 INFO Profile changes saved successfully
2024-01-15 08:45:05 INFO Password reset requested: user@example.com
2024-01-15 08:45:06 INFO Password reset email sent
2024-01-15 08:46:18 WARNING Multiple failed login attempts detected
2024-01-15 08:46:19 INFO IP address temporarily blocked: 192.168.1.100
2024-01-15 08:47:22 INFO Security scan completed
2024-01-15 08:47:23 INFO No vulnerabilities found
2024-01-15 08:48:15 INFO Performance metrics collected
2024-01-15 08:48:16 INFO Average response time: 245ms
2024-01-15 08:49:33 ERROR Cache miss rate high: 15%
2024-01-15 08:49:34 INFO Cache warming process started
2024-01-15 08:50:12 INFO Cache performance improved
2024-01-15 08:51:22 INFO User session expired: user@example.com
2024-01-15 08:51:23 INFO Automatic logout completed
2024-01-15 08:52:15 INFO System monitoring report generated
2024-01-15 08:52:16 INFO Report sent to administrators
2024-01-15 08:53:28 WARNING SSL certificate expires in 30 days
2024-01-15 08:53:29 INFO Certificate renewal reminder sent
2024-01-15 08:54:12 INFO Database index optimization completed
2024-01-15 08:54:13 INFO Query performance improved by 12%
2024-01-15 08:55:22 ERROR Payment processing failed
2024-01-15 08:55:23 ERROR Transaction ID: TXN-12345
2024-01-15 08:55:24 WARNING Payment gateway timeout
2024-01-15 08:55:25 INFO Payment retry scheduled
2024-01-15 08:56:18 INFO User subscription renewed: user@example.com
2024-01-15 08:56:19 INFO Subscription valid until: 2024-02-15
2024-01-15 08:57:33 INFO Email campaign sent successfully
2024-01-15 08:57:34 INFO 1,250 emails delivered
2024-01-15 08:58:15 WARNING Email bounce rate: 3.2%
2024-01-15 08:58:16 INFO Bounce handling process initiated
2024-01-15 08:59:22 INFO Analytics data processed
2024-01-15 08:59:23 INFO Daily report generated
2024-01-15 09:00:15 INFO Hourly system check completed
2024-01-15 09:00:16 INFO All systems operational
2024-01-15 09:01:28 ERROR Third-party service integration failed
2024-01-15 09:01:29 WARNING Service response: 503 Service Unavailable
2024-01-15 09:01:30 INFO Alternative service provider activated
2024-01-15 09:02:12 INFO Data synchronization completed
2024-01-15 09:02:13 INFO 1,847 records synchronized
2024-01-15 09:03:22 WARNING High CPU usage detected: 89%
2024-01-15 09:03:23 INFO CPU optimization process started
2024-01-15 09:04:15 INFO CPU usage normalized to 65%
2024-01-15 09:05:28 INFO User feedback received: user@example.com
2024-01-15 09:05:29 INFO Feedback rating: 4.5/5
2024-01-15 09:06:12 INFO Content moderation completed
2024-01-15 09:06:13 INFO 23 items reviewed, 2 flagged
2024-01-15 09:07:22 ERROR File system error: disk full
2024-01-15 09:07:23 WARNING Emergency cleanup initiated
2024-01-15 09:07:24 INFO Critical files preserved
2024-01-15 09:08:15 INFO System recovery completed
2024-01-15 09:08:16 INFO Normal operations resumed
2024-01-15 09:09:33 INFO Application shutdown initiated
2024-01-15 09:09:34 INFO All connections closed gracefully
2024-01-15 09:09:35 INFO Application stopped successfully
